003/androidApp/build/intermediates/manifest_merge_blame_file/debug/manifest-merger-blame-debug-report.txt
1<?xml version="1.0" encoding="utf-8"?>
2<manifest xmlns:android="http://schemas.android.com/apk/res/android"
3    package="com.highoutput.web3mobile.android"
4    android:versionCode="1"
5    android:versionName="1.0" >
6
7    <uses-sdk
8        android:minSdkVersion="23"
8-->src/main/AndroidManifest.xml
9        android:targetSdkVersion="31" />
9-->src/main/AndroidManifest.xml
10
11    <uses-permission android:name="android.permission.INTERNET" />
11-->src/main/AndroidManifest.xml:5:5-66
11-->src/main/AndroidManifest.xml:5:22-64
12
13    <application
13-->src/main/AndroidManifest.xml:7:5-21:19
14        android:name="com.highoutput.web3mobile.android.MainApplication"
14-->src/main/AndroidManifest.xml:8:9-73
15        android:allowBackup="false"
15-->src/main/AndroidManifest.xml:10:9-36
16        android:appComponentFactory="androidx.core.app.CoreComponentFactory"
16-->[androidx.core:core:1.6.0] AndroidManifest.xml:24:18-86
17        android:debuggable="true"
18        android:extractNativeLibs="false"
19        android:label="Web3 Experiment"
19-->src/main/AndroidManifest.xml:9:9-40
20        android:supportsRtl="true"
20-->src/main/AndroidManifest.xml:11:9-35
21        android:testOnly="true"
22        android:theme="@style/AppTheme" >
22-->src/main/AndroidManifest.xml:12:9-40
23        <activity
23-->src/main/AndroidManifest.xml:13:9-20:20
24            android:name="com.highoutput.web3mobile.android.MainActivity"
24-->src/main/AndroidManifest.xml:14:13-74
25            android:exported="true" >
25-->src/main/AndroidManifest.xml:15:13-36
26            <intent-filter>
26-->src/main/AndroidManifest.xml:16:13-19:29
27                <action android:name="android.intent.action.MAIN" />
27-->src/main/AndroidManifest.xml:17:17-69
27-->src/main/AndroidManifest.xml:17:25-66
28
29                <category android:name="android.intent.category.LAUNCHER" />
29-->src/main/AndroidManifest.xml:18:17-77
29-->src/main/AndroidManifest.xml:18:27-74
30            </intent-filter>
31        </activity>
32        <activity
32-->[androidx.compose.ui:ui-tooling:1.0.5] AndroidManifest.xml:25:9-27:39
33            android:name="androidx.compose.ui.tooling.PreviewActivity"
33-->[androidx.compose.ui:ui-tooling:1.0.5] AndroidManifest.xml:26:13-71
34            android:exported="true" />
34-->[androidx.compose.ui:ui-tooling:1.0.5] AndroidManifest.xml:27:13-36
35
36        <provider
36-->[androidx.profileinstaller:profileinstaller:1.0.4] AndroidManifest.xml:26:9-34:20
37            android:name="androidx.startup.InitializationProvider"
37-->[androidx.profileinstaller:profileinstaller:1.0.4] AndroidManifest.xml:27:13-67
38            android:authorities="com.highoutput.web3mobile.android.androidx-startup"
38-->[androidx.profileinstaller:profileinstaller:1.0.4] AndroidManifest.xml:28:13-68
39            android:exported="false" >
39-->[androidx.profileinstaller:profileinstaller:1.0.4] AndroidManifest.xml:29:13-37
40            <meta-data
40-->[androidx.profileinstaller:profileinstaller:1.0.4] AndroidManifest.xml:31:13-33:52
41                android:name="androidx.profileinstaller.ProfileInstallerInitializer"
41-->[androidx.profileinstaller:profileinstaller:1.0.4] AndroidManifest.xml:32:17-85
42                android:value="androidx.startup" />
42-->[androidx.profileinstaller:profileinstaller:1.0.4] AndroidManifest.xml:33:17-49
43        </provider>
44
45        <receiver
45-->[androidx.profileinstaller:profileinstaller:1.0.4] AndroidManifest.xml:36:9-45:20
46            android:name="androidx.profileinstaller.ProfileInstallReceiver"
46-->[androidx.profileinstaller:profileinstaller:1.0.4] AndroidManifest.xml:37:13-76
47            android:directBootAware="false"
47-->[androidx.profileinstaller:profileinstaller:1.0.4] AndroidManifest.xml:38:13-44
48            android:enabled="true"
48-->[androidx.profileinstaller:profileinstaller:1.0.4] AndroidManifest.xml:39:13-35
49            android:exported="true"
49-->[androidx.profileinstaller:profileinstaller:1.0.4] AndroidManifest.xml:40:13-36
50            android:permission="android.permission.DUMP" >
50-->[androidx.profileinstaller:profileinstaller:1.0.4] AndroidManifest.xml:41:13-57
51            <intent-filter>
51-->[androidx.profileinstaller:profileinstaller:1.0.4] AndroidManifest.xml:42:13-44:29
52                <action android:name="androidx.profileinstaller.action.INSTALL_PROFILE" />
52-->[androidx.profileinstaller:profileinstaller:1.0.4] AndroidManifest.xml:43:17-91
52-->[androidx.profileinstaller:profileinstaller:1.0.4] AndroidManifest.xml:43:25-88
53            </intent-filter>
54        </receiver>
55    </application>
56
57</manifest>